<?xml version="1.0" encoding="UTF-8"?>
<!-- Generated by org.testng.reporters.JUnitReportReporter -->
<testsuite skipped="0" hostname="DESKTOP-615V1JK" name="assessment.com.App" tests="5" failures="0" timestamp="22 Nov 2018 13:57:28 GMT" time="64.151" errors="0">
  <testcase name="NavigateToWebTables" time="3.825" classname="assessment.com.App"/>
  <testcase name="ValidateUrlNavigation" time="0.031" classname="assessment.com.App"/>
  <testcase name="ClickAddUser" time="0.272" classname="assessment.com.App"/>
  <testcase name="AddUsers" time="59.661" classname="assessment.com.App"/>
  <testcase name="VerifyUserAddition" time="0.362" classname="assessment.com.App"/>
</testsuite> <!-- assessment.com.App -->
